<?xml version="1.0" encoding="UTF-8"?>
<testng-results ignored="0" total="3" passed="3" failed="0" skipped="0">
  <reporter-output>
  </reporter-output>
  <suite started-at="2020-01-22T10:54:50 IST" name="Default suite" finished-at="2020-01-22T10:55:32 IST" duration-ms="41384">
    <groups>
    </groups>
    <test started-at="2020-01-22T10:54:50 IST" name="Default test" finished-at="2020-01-22T10:55:32 IST" duration-ms="41384">
      <class name="tests.NewTest12">
        <test-method is-config="true" signature="beforeTest()[pri:0, instance:tests.NewTest12@1184ab05]" started-at="2020-01-22T10:54:50 IST" name="beforeTest" finished-at="2020-01-22T10:55:08 IST" duration-ms="17993" status="PASS">
          <reporter-output>
          </reporter-output>
        </test-method> <!-- beforeTest -->
        <test-method signature="testRegisterLink()[pri:1, instance:tests.NewTest12@1184ab05]" started-at="2020-01-22T10:55:08 IST" name="testRegisterLink" finished-at="2020-01-22T10:55:09 IST" duration-ms="618" status="PASS">
          <reporter-output>
          </reporter-output>
        </test-method> <!-- testRegisterLink -->
        <test-method signature="testLoginLink()[pri:2, instance:tests.NewTest12@1184ab05]" started-at="2020-01-22T10:55:09 IST" name="testLoginLink" finished-at="2020-01-22T10:55:09 IST" duration-ms="534" status="PASS">
          <reporter-output>
          </reporter-output>
        </test-method> <!-- testLoginLink -->
        <test-method signature="testLoginButton()[pri:3, instance:tests.NewTest12@1184ab05]" started-at="2020-01-22T10:55:09 IST" name="testLoginButton" finished-at="2020-01-22T10:55:32 IST" duration-ms="22066" status="PASS">
          <reporter-output>
          </reporter-output>
        </test-method> <!-- testLoginButton -->
        <test-method is-config="true" signature="afetrTest()[pri:0, instance:tests.NewTest12@1184ab05]" started-at="2020-01-22T10:55:32 IST" name="afetrTest" finished-at="2020-01-22T10:55:32 IST" duration-ms="110" status="PASS">
          <reporter-output>
          </reporter-output>
        </test-method> <!-- afetrTest -->
      </class> <!-- tests.NewTest12 -->
    </test> <!-- Default test -->
  </suite> <!-- Default suite -->
</testng-results>
