<?xml version="1.0" encoding="UTF-8"?>
<!-- Generated by org.testng.reporters.JUnitXMLReporter -->
<testsuite ignored="0" hostname="BDC4-L-8Y4DZM2" failures="0" tests="3" name="node4" time="36.347" errors="0" timestamp="2020-01-22T12:43:27 IST">
  <testcase classname="tests.NewTest5" name="testDemoWebShopLogin" time="5.433"/>
  <testcase classname="tests.NewTest5" name="testDemoWebShopLogin" time="2.946"/>
  <testcase classname="tests.NewTest5" name="testDemoWebShopLogin" time="3.799"/>
</testsuite> <!-- node4 -->
