<?xml version="1.0" encoding="UTF-8"?>
<!-- Generated by org.testng.reporters.JUnitXMLReporter -->
<testsuite ignored="0" hostname="BDC4-L-8Y4DZM2" failures="0" tests="3" name="node3" time="41.608" errors="0" timestamp="2020-01-22T12:42:50 IST">
  <testcase classname="tests.NewTest5" name="testDemoWebShopLogin" time="3.871"/>
  <testcase classname="tests.NewTest5" name="testDemoWebShopLogin" time="2.94"/>
  <testcase classname="tests.NewTest5" name="testDemoWebShopLogin" time="2.561"/>
</testsuite> <!-- node3 -->
