<?xml version="1.0" encoding="UTF-8"?>
<!-- Generated by org.testng.reporters.JUnitXMLReporter -->
<testsuite ignored="0" hostname="BDC4-L-8Y4DZM2" failures="0" tests="3" name="node2" time="40.139" errors="0" timestamp="2020-01-22T12:42:09 IST">
  <testcase classname="tests.NewTest5" name="testDemoWebShopLogin" time="7.766"/>
  <testcase classname="tests.NewTest5" name="testDemoWebShopLogin" time="3.273"/>
  <testcase classname="tests.NewTest5" name="testDemoWebShopLogin" time="2.702"/>
</testsuite> <!-- node2 -->
