<?xml version="1.0" encoding="UTF-8"?>
<!-- Generated by org.testng.reporters.JUnitXMLReporter -->
<testsuite ignored="0" hostname="BDC4-L-8Y4DZM2" failures="0" tests="12" name="node1" time="32.344" errors="0" timestamp="2020-01-22T12:45:02 IST">
  <testcase classname="tests.NewTest5" name="testDemoWebShopLogin" time="5.942"/>
  <testcase classname="tests.NewTest5" name="testDemoWebShopLogin" time="6.156"/>
  <testcase classname="tests.NewTest5" name="testDemoWebShopLogin" time="6.823"/>
  <testcase classname="tests.NewTest5" name="testDemoWebShopLogin" time="6.909"/>
  <testcase classname="tests.NewTest5" name="testDemoWebShopLogin" time="2.696"/>
  <testcase classname="tests.NewTest5" name="testDemoWebShopLogin" time="2.862"/>
  <testcase classname="tests.NewTest5" name="testDemoWebShopLogin" time="3.557"/>
  <testcase classname="tests.NewTest5" name="testDemoWebShopLogin" time="3.425"/>
  <testcase classname="tests.NewTest5" name="testDemoWebShopLogin" time="2.737"/>
  <testcase classname="tests.NewTest5" name="testDemoWebShopLogin" time="2.829"/>
  <testcase classname="tests.NewTest5" name="testDemoWebShopLogin" time="2.832"/>
  <testcase classname="tests.NewTest5" name="testDemoWebShopLogin" time="3.671"/>
</testsuite> <!-- node1 -->
