<?xml version="1.0" encoding="UTF-8"?>
<!-- Generated by org.testng.reporters.JUnitXMLReporter -->
<testsuite ignored="0" hostname="BDC4-L-8Y4DZM2" failures="0" tests="3" name="Test2" time="27.144" errors="0" timestamp="2020-01-21T10:19:22 IST">
  <testcase classname="tests.NewTest5" name="testDemoWebShopLogin" time="3.869"/>
  <testcase classname="tests.NewTest5" name="testDemoWebShopLogin" time="3.3"/>
  <testcase classname="tests.NewTest5" name="testDemoWebShopLogin" time="3.138"/>
</testsuite> <!-- Test2 -->
