<?xml version="1.0" encoding="UTF-8"?>
<!-- Generated by org.testng.reporters.JUnitXMLReporter -->
<testsuite ignored="0" hostname="BDC4-L-8Y4DZM2" failures="0" tests="7" name="TestListener" time="0.094" errors="0" timestamp="2020-01-21T12:46:49 IST">
  <testcase classname="tests.NewTest9" name="test1" time="0.009"/>
  <testcase classname="tests.NewTest9" name="test2" time="0.001"/>
  <testcase classname="tests.NewTest9" name="test3" time="0.001"/>
  <testcase classname="tests.NewTest9" name="test4" time="0.001"/>
  <testcase classname="tests.NewTest9" name="test5" time="0.001"/>
  <testcase classname="tests.NewTest10" name="test6" time="0.002"/>
  <testcase classname="tests.NewTest10" name="test7" time="0.001"/>
</testsuite> <!-- TestListener -->
