<?xml version="1.0" encoding="UTF-8"?>
<!-- Generated by org.testng.reporters.JUnitXMLReporter -->
<testsuite ignored="0" hostname="BDC4-L-8Y4DZM2" failures="0" tests="3" name="Default test" time="41.384" errors="0" timestamp="2020-01-22T10:55:32 IST">
  <testcase classname="tests.NewTest12" name="testRegisterLink" time="0.618"/>
  <testcase classname="tests.NewTest12" name="testLoginLink" time="0.534"/>
  <testcase classname="tests.NewTest12" name="testLoginButton" time="22.066"/>
</testsuite> <!-- Default test -->
